[INFO] Execution en cours de G:\Documents\Nathan\Ecole\Universite\CR430 Intro Programmation\disk.ps1
[INFO] PoshGram est installé.
[INFO] Espace libre : 61%
[02/25/2022 12:17:40] [INFO] Execution en cours de G:\Documents\Nathan\Ecole\Universite\CR430 Intro Programmation\Devoir\performance.ps1
[02/25/2022 12:17:40] [INFO] PoshGram est installé.
[02/25/2022 12:21:14] [INFO] Execution en cours de G:\Documents\Nathan\Ecole\Universite\CR430 Intro Programmation\Devoir\performance.ps1
[02/25/2022 12:21:14] [INFO] PoshGram est installé.
[INFO] Module PoshGram a été importé avec succès
[02/25/2022 12:21:17] [ALERTE] La consommation de RAM est à 50.2768937085518%
[02/25/2022 12:21:17] [ALERTE]  Le nombre de paquet reçues est à 2043 bytes
[02/25/2022 12:21:17] [ALERTE]  Le nombre de paquet envoyé est à 134316 bytes
[02/25/2022 12:21:17] [INFO] Envoi de la notification telegram
[INFO] Message envoyé avec succès
[INFO] Execution en cours de G:\Documents\Nathan\Ecole\Universite\CR430 Intro Programmation\disk.ps1
[INFO] PoshGram est installé.
[INFO] Espace libre : 61%
[INFO] Execution en cours de G:\Documents\Nathan\Ecole\Universite\CR430 Intro Programmation\disk.ps1
[INFO] PoshGram est installé.
[INFO] Espace libre : 61%
[02/25/2022 12:28:04] [INFO] Execution en cours de G:\Documents\Nathan\Ecole\Universite\CR430 Intro Programmation\Devoir\performance.ps1
[02/25/2022 12:28:04] [INFO] PoshGram est installé.
[INFO] Module PoshGram a été importé avec succès
[02/25/2022 12:28:06] [ALERTE] La consommation de RAM est à 51.5222729868988%
[02/25/2022 12:28:06] [ALERTE]  Le nombre de paquet reçues est à 5035 bytes
[02/25/2022 12:28:06] [ALERTE]  Le nombre de paquet envoyé est à 121431 bytes
[02/25/2022 12:28:06] [INFO] Envoi de la notification telegram
[INFO] Message envoyé avec succès
[02/25/2022 12:29:50] [INFO] Execution en cours de G:\Documents\Nathan\Ecole\Universite\CR430 Intro Programmation\Devoir\performance.ps1
[02/25/2022 12:29:50] [INFO] PoshGram est installé.
[INFO] Module PoshGram a été importé avec succès
[02/25/2022 12:29:51] [ALERTE] La consommation de RAM est à 51.6567787296868%
[02/25/2022 12:29:51] [INFO] Envoi de la notification telegram
[02/25/2022 12:29:51] [ALERTE]  Le nombre de paquet reçues est à 4338 bytes
[02/25/2022 12:29:51] [INFO] Envoi de la notification telegram
[02/25/2022 12:29:51] [ALERTE]  Le nombre de paquet envoyé est à 138572 bytes
[02/25/2022 12:29:51] [INFO] Envoi de la notification telegram
[02/25/2022 12:29:51] [INFO] Envoi de la notification telegram
[INFO] Message envoyé avec succès
[02/25/2022 12:31:35] [INFO] Execution en cours de G:\Documents\Nathan\Ecole\Universite\CR430 Intro Programmation\Devoir\performance.ps1
[02/25/2022 12:31:35] [INFO] PoshGram est installé.
[INFO] Module PoshGram a été importé avec succès
[02/25/2022 12:31:37] [ALERTE] La consommation de RAM est à 51.5185081647042%
[02/25/2022 12:31:37] [INFO] Envoi de la notification telegram
[02/25/2022 12:31:37] [INFO] Envoi de la notification telegram
[INFO] Message envoyé avec succès
[INFO] Execution en cours de G:\Documents\Nathan\Ecole\Universite\CR430 Intro Programmation\disk.ps1
[INFO] PoshGram est installé.
[INFO] Espace libre : 61%
[INFO] Execution en cours de G:\Documents\Nathan\Ecole\Universite\CR430 Intro Programmation\disk.ps1
[INFO] PoshGram est installé.
[INFO] Espace libre : 61%
[INFO] Execution en cours de G:\Documents\Nathan\Ecole\Universite\CR430 Intro Programmation\disk.ps1
[INFO] PoshGram est installé.
[INFO] Espace libre : 61%
[02/25/2022 12:41:07] [INFO] Execution en cours de G:\Documents\Nathan\Ecole\Universite\CR430 Intro Programmation\performance.ps1
[02/25/2022 12:41:07] [INFO] PoshGram est installé.
[INFO] Module PoshGram a été importé avec succès
[02/25/2022 12:41:10] [ALERTE] La consommation de RAM est à 51.11499093634%
[02/25/2022 12:41:10] [INFO] Envoi de la notification telegram
[02/25/2022 12:41:10] [ALERTE]  Le nombre de paquet envoyé est à 205648 bytes
[02/25/2022 12:41:10] [INFO] Envoi de la notification telegram
[02/25/2022 12:41:10] [INFO] Envoi de la notification telegram
[INFO] Execution en cours de G:\Documents\Nathan\Ecole\Universite\CR430 Intro Programmation\disk.ps1
[INFO] PoshGram est installé.
[INFO] Message envoyé avec succès
[INFO] Espace libre : 61%
[02/25/2022 12:41:12] [INFO] Execution en cours de G:\Documents\Nathan\Ecole\Universite\CR430 Intro Programmation\performance.ps1
[02/25/2022 12:41:12] [INFO] PoshGram est installé.
[INFO] Module PoshGram a été importé avec succès
[02/25/2022 12:41:14] [ALERTE] La consommation de RAM est à 51.2590461805042%
[02/25/2022 12:41:14] [INFO] Envoi de la notification telegram
[02/25/2022 12:41:14] [ALERTE]  Le nombre de paquet envoyé est à 171655 bytes
[02/25/2022 12:41:14] [INFO] Envoi de la notification telegram
[02/25/2022 12:41:14] [INFO] Envoi de la notification telegram
[INFO] Message envoyé avec succès
[INFO] Execution en cours de G:\Documents\Nathan\Ecole\Universite\CR430 Intro Programmation\disk.ps1
[INFO] PoshGram est installé.
[INFO] Espace libre : 61%
[02/25/2022 12:41:51] [INFO] Execution en cours de G:\Documents\Nathan\Ecole\Universite\CR430 Intro Programmation\performance.ps1
[02/25/2022 12:41:51] [INFO] PoshGram est installé.
[INFO] Module PoshGram a été importé avec succès
[02/25/2022 12:41:53] [ALERTE] La consommation de RAM est à 51.1916498873123%
[02/25/2022 12:41:53] [INFO] Envoi de la notification telegram
[02/25/2022 12:41:53] [INFO] Envoi de la notification telegram
[INFO] Message envoyé avec succès
[INFO] Execution en cours de G:\Documents\Nathan\Ecole\Universite\CR430 Intro Programmation\disk.ps1
[INFO] PoshGram est installé.
[INFO] Espace libre : 61%
[02/25/2022 12:41:59] [INFO] Execution en cours de G:\Documents\Nathan\Ecole\Universite\CR430 Intro Programmation\performance.ps1
[02/25/2022 12:41:59] [INFO] PoshGram est installé.
[INFO] Module PoshGram a été importé avec succès
[02/25/2022 12:42:01] [ALERTE] La consommation de RAM est à 51.240341587696%
[02/25/2022 12:42:01] [INFO] Envoi de la notification telegram
[02/25/2022 12:42:01] [INFO] Envoi de la notification telegram
[INFO] Message envoyé avec succès
[INFO] Execution en cours de G:\Documents\Nathan\Ecole\Universite\CR430 Intro Programmation\disk.ps1
[INFO] PoshGram est installé.
[INFO] Espace libre : 61%
[02/25/2022 12:47:00] [INFO] Execution en cours de G:\Documents\Nathan\Ecole\Universite\CR430 Intro Programmation\performance.ps1
[02/25/2022 12:47:00] [INFO] PoshGram est installé.
[INFO] Module PoshGram a été importé avec succès
[02/25/2022 12:47:02] [ALERTE] La consommation de RAM est à 55.8104532738356%
[02/25/2022 12:47:02] [INFO] Envoi de la notification telegram
[02/25/2022 12:47:02] [INFO] Envoi de la notification telegram
[INFO] Message envoyé avec succès
[02/25/2022 12:31:37] [INFO] Execution en cours de G:\Documents\Nathan\Ecole\Universite\CR430 Intro Programmation\Devoir\disk.ps1
[02/25/2022 12:49:28] [INFO] PoshGram est installé.
[02/25/2022 12:49:28] [INFO] Espace libre : 61%
[02/25/2022 12:49:28] [INFO] Execution en cours de G:\Documents\Nathan\Ecole\Universite\CR430 Intro Programmation\Devoir\disk.ps1
[02/25/2022 12:49:55] [INFO] PoshGram est installé.
[02/25/2022 12:49:55] [INFO] Espace libre : 61%
[02/25/2022 12:49:55] [INFO] Module PoshGram a été importé avec succès
[02/25/2022 12:49:55] [INFO] Envoi de la notification telegram
[02/25/2022 12:49:55] [ESPACE BAS] Le disque G est à 61%
[02/25/2022 12:49:55]  [INFO] Message envoyé avec succès
[02/25/2022 12:51:24] [INFO] Execution en cours de G:\Documents\Nathan\Ecole\Universite\CR430 Intro Programmation\Devoir\performance.ps1
[02/25/2022 12:51:24] [INFO] PoshGram est installé.
[INFO] Module PoshGram a été importé avec succès
[02/25/2022 12:51:26] [ALERTE] La consommation de RAM est à 55.6757921574332%
[02/25/2022 12:51:26] [INFO] Envoi de la notification telegram
[02/25/2022 12:51:26] [INFO] Envoi de la notification telegram
[INFO] Message envoyé avec succès
[INFO] Execution en cours de G:\Documents\Nathan\Ecole\Universite\CR430 Intro Programmation\disk.ps1
[INFO] PoshGram est installé.
[INFO] Espace libre : 61%
[02/25/2022 12:52:00] [INFO] Execution en cours de G:\Documents\Nathan\Ecole\Universite\CR430 Intro Programmation\performance.ps1
[02/25/2022 12:52:00] [INFO] PoshGram est installé.
[INFO] Module PoshGram a été importé avec succès
[02/25/2022 12:52:01] [ALERTE] La consommation de RAM est à 55.9198482501764%
[02/25/2022 12:52:01] [INFO] Envoi de la notification telegram
[02/25/2022 12:52:01] [INFO] Envoi de la notification telegram
[INFO] Message envoyé avec succès
[INFO] Execution en cours de G:\Documents\Nathan\Ecole\Universite\CR430 Intro Programmation\disk.ps1
[INFO] PoshGram est installé.
[INFO] Espace libre : 61%
[02/25/2022 12:57:00] [INFO] Execution en cours de G:\Documents\Nathan\Ecole\Universite\CR430 Intro Programmation\performance.ps1
[02/25/2022 12:57:00] [INFO] PoshGram est installé.
[INFO] Module PoshGram a été importé avec succès
[02/25/2022 12:57:02] [ALERTE] La consommation de RAM est à 55.3060029552061%
[02/25/2022 12:57:02] [INFO] Envoi de la notification telegram
[02/25/2022 12:57:02] [INFO] Envoi de la notification telegram
[INFO] Message envoyé avec succès
[INFO] Execution en cours de G:\Documents\Nathan\Ecole\Universite\CR430 Intro Programmation\disk.ps1
[INFO] PoshGram est installé.
[INFO] Espace libre : 61%
[02/25/2022 13:01:59] [INFO] Execution en cours de G:\Documents\Nathan\Ecole\Universite\CR430 Intro Programmation\performance.ps1
[02/25/2022 13:01:59] [INFO] PoshGram est installé.
[INFO] Module PoshGram a été importé avec succès
[02/25/2022 13:02:02] [ALERTE] La consommation de RAM est à 34.1743308685899%
[02/25/2022 13:02:02] [INFO] Envoi de la notification telegram
[02/25/2022 13:02:02] [INFO] Envoi de la notification telegram
[INFO] Message envoyé avec succès
[INFO] Execution en cours de G:\Documents\Nathan\Ecole\Universite\CR430 Intro Programmation\disk.ps1
[INFO] PoshGram est installé.
[INFO] Espace libre : 61%
[02/25/2022 13:06:59] [INFO] Execution en cours de G:\Documents\Nathan\Ecole\Universite\CR430 Intro Programmation\performance.ps1
[02/25/2022 13:06:59] [INFO] PoshGram est installé.
[INFO] Module PoshGram a été importé avec succès
[02/25/2022 13:07:01] [ALERTE] La consommation de RAM est à 32.8760767540874%
[02/25/2022 13:07:01] [INFO] Envoi de la notification telegram
[02/25/2022 13:07:01] [INFO] Envoi de la notification telegram
[INFO] Message envoyé avec succès
[INFO] Execution en cours de G:\Documents\Nathan\Ecole\Universite\CR430 Intro Programmation\disk.ps1
[INFO] PoshGram est installé.
[INFO] Espace libre : 61%
[02/25/2022 13:11:59] [INFO] Execution en cours de G:\Documents\Nathan\Ecole\Universite\CR430 Intro Programmation\performance.ps1
[02/25/2022 13:11:59] [INFO] PoshGram est installé.
[INFO] Module PoshGram a été importé avec succès
[02/25/2022 13:12:01] [ALERTE] La consommation de RAM est à 30.7559798822244%
[02/25/2022 13:12:01] [INFO] Envoi de la notification telegram
[02/25/2022 13:12:01] [INFO] Envoi de la notification telegram
[INFO] Message envoyé avec succès
[INFO] Execution en cours de G:\Documents\Nathan\Ecole\Universite\CR430 Intro Programmation\disk.ps1
[INFO] PoshGram est installé.
[INFO] Espace libre : 61%
[02/25/2022 13:16:59] [INFO] Execution en cours de G:\Documents\Nathan\Ecole\Universite\CR430 Intro Programmation\performance.ps1
[02/25/2022 13:16:59] [INFO] PoshGram est installé.
[INFO] Module PoshGram a été importé avec succès
[02/25/2022 13:17:01] [ALERTE] La consommation de RAM est à 26.3850930251709%
[02/25/2022 13:17:01] [INFO] Envoi de la notification telegram
[02/25/2022 13:17:01] [INFO] Envoi de la notification telegram
[INFO] Message envoyé avec succès
[INFO] Execution en cours de G:\Documents\Nathan\Ecole\Universite\CR430 Intro Programmation\disk.ps1
[INFO] PoshGram est installé.
[INFO] Espace libre : 61%
[02/25/2022 13:21:59] [INFO] Execution en cours de G:\Documents\Nathan\Ecole\Universite\CR430 Intro Programmation\performance.ps1
[02/25/2022 13:21:59] [INFO] PoshGram est installé.
[INFO] Module PoshGram a été importé avec succès
[02/25/2022 13:22:02] [ALERTE] La consommation de RAM est à 28.681503093907%
[02/25/2022 13:22:02] [INFO] Envoi de la notification telegram
[02/25/2022 13:22:02] [INFO] Envoi de la notification telegram
[INFO] Message envoyé avec succès
